# JRE version: Java(TM) SE Runtime Environment (8.0_161-b12) (build 1.8.0_161-b12)
# Java VM: Java HotSpot(TM) 64-Bit Server VM (25.161-b12 mixed mode windows-amd64 compressed oops)
Heap:
 PSYoungGen      total 327168K, used 274651K [0x00000000d5f00000, 0x00000000eeb00000, 0x0000000100000000)
  eden space 325120K, 83% used [0x00000000d5f00000,0x00000000e699ec30,0x00000000e9c80000)
  from space 2048K, 79% used [0x00000000ee900000,0x00000000eea98000,0x00000000eeb00000)
  to   space 2560K, 0% used [0x00000000ee600000,0x00000000ee600000,0x00000000ee880000)
 ParOldGen       total 87552K, used 52650K [0x0000000081c00000, 0x0000000087180000, 0x00000000d5f00000)
  object space 87552K, 60% used [0x0000000081c00000,0x0000000084f6aa48,0x0000000087180000)
 Metaspace       used 14514K, capacity 15124K, committed 15360K, reserved 1062912K
  class space    used 2040K, capacity 2246K, committed 2304K, reserved 1048576K
GC Heap History (10 events):
Event: 19.846 GC heap before
{Heap before GC invocations=60 (full 0):
 PSYoungGen      total 375808K, used 373376K [0x00000000d5f00000, 0x00000000eed80000, 0x0000000100000000)
  eden space 373248K, 100% used [0x00000000d5f00000,0x00000000ecb80000,0x00000000ecb80000)
  from space 2560K, 5% used [0x00000000ecb80000,0x00000000ecba0000,0x00000000ece00000)
  to   space 2560K, 0% used [0x00000000eeb00000,0x00000000eeb00000,0x00000000eed80000)
 ParOldGen       total 87552K, used 52522K [0x0000000081c00000, 0x0000000087180000, 0x00000000d5f00000)
  object space 87552K, 59% used [0x0000000081c00000,0x0000000084f4aa48,0x0000000087180000)
 Metaspace       used 14418K, capacity 15060K, committed 15360K, reserved 1062912K
  class space    used 2040K, capacity 2246K, committed 2304K, reserved 1048576K
Event: 19.849 GC heap after
Heap after GC invocations=60 (full 0):
 PSYoungGen      total 375808K, used 2112K [0x00000000d5f00000, 0x00000000eed80000, 0x0000000100000000)
  eden space 373248K, 0% used [0x00000000d5f00000,0x00000000d5f00000,0x00000000ecb80000)
  from space 2560K, 82% used [0x00000000eeb00000,0x00000000eed10000,0x00000000eed80000)
  to   space 2560K, 0% used [0x00000000ecb80000,0x00000000ecb80000,0x00000000ece00000)
 ParOldGen       total 87552K, used 52554K [0x0000000081c00000, 0x0000000087180000, 0x00000000d5f00000)
  object space 87552K, 60% used [0x0000000081c00000,0x0000000084f52a48,0x0000000087180000)
 Metaspace       used 14418K, capacity 15060K, committed 15360K, reserved 1062912K
  class space    used 2040K, capacity 2246K, committed 2304K, reserved 1048576K
}
Event: 20.036 GC heap before
{Heap before GC invocations=61 (full 0):
 PSYoungGen      total 375808K, used 375360K [0x00000000d5f00000, 0x00000000eed80000, 0x0000000100000000)
  eden space 373248K, 100% used [0x00000000d5f00000,0x00000000ecb80000,0x00000000ecb80000)
  from space 2560K, 82% used [0x00000000eeb00000,0x00000000eed10000,0x00000000eed80000)
  to   space 2560K, 0% used [0x00000000ecb80000,0x00000000ecb80000,0x00000000ece00000)
 ParOldGen       total 87552K, used 52554K [0x0000000081c00000, 0x0000000087180000, 0x00000000d5f00000)
  object space 87552K, 60% used [0x0000000081c00000,0x0000000084f52a48,0x0000000087180000)
 Metaspace       used 14422K, capacity 15060K, committed 15360K, reserved 1062912K
  class space    used 2040K, capacity 2246K, committed 2304K, reserved 1048576K
Event: 20.037 GC heap after
Heap after GC invocations=61 (full 0):
 PSYoungGen      total 375808K, used 1344K [0x00000000d5f00000, 0x00000000eed80000, 0x0000000100000000)
  eden space 373248K, 0% used [0x00000000d5f00000,0x00000000d5f00000,0x00000000ecb80000)
  from space 2560K, 52% used [0x00000000ecb80000,0x00000000eccd0000,0x00000000ece00000)
  to   space 2560K, 0% used [0x00000000eeb00000,0x00000000eeb00000,0x00000000eed80000)
 ParOldGen       total 87552K, used 52570K [0x0000000081c00000, 0x0000000087180000, 0x00000000d5f00000)
  object space 87552K, 60% used [0x0000000081c00000,0x0000000084f56a48,0x0000000087180000)
 Metaspace       used 14422K, capacity 15060K, committed 15360K, reserved 1062912K
  class space    used 2040K, capacity 2246K, committed 2304K, reserved 1048576K
}
Event: 21.225 GC heap before
{Heap before GC invocations=62 (full 0):
 PSYoungGen      total 375808K, used 374592K [0x00000000d5f00000, 0x00000000eed80000, 0x0000000100000000)
  eden space 373248K, 100% used [0x00000000d5f00000,0x00000000ecb80000,0x00000000ecb80000)
  from space 2560K, 52% used [0x00000000ecb80000,0x00000000eccd0000,0x00000000ece00000)
  to   space 2560K, 0% used [0x00000000eeb00000,0x00000000eeb00000,0x00000000eed80000)
 ParOldGen       total 87552K, used 52570K [0x0000000081c00000, 0x0000000087180000, 0x00000000d5f00000)
  object space 87552K, 60% used [0x0000000081c00000,0x0000000084f56a48,0x0000000087180000)
 Metaspace       used 14433K, capacity 15060K, committed 15360K, reserved 1062912K
  class space    used 2040K, capacity 2246K, committed 2304K, reserved 1048576K
Event: 21.227 GC heap after
Heap after GC invocations=62 (full 0):
 PSYoungGen      total 357376K, used 992K [0x00000000d5f00000, 0x00000000eec00000, 0x0000000100000000)
  eden space 356352K, 0% used [0x00000000d5f00000,0x00000000d5f00000,0x00000000ebb00000)
  from space 1024K, 96% used [0x00000000eeb00000,0x00000000eebf8000,0x00000000eec00000)
  to   space 2560K, 0% used [0x00000000ee700000,0x00000000ee700000,0x00000000ee980000)
 ParOldGen       total 87552K, used 52586K [0x0000000081c00000, 0x0000000087180000, 0x00000000d5f00000)
  object space 87552K, 60% used [0x0000000081c00000,0x0000000084f5aa48,0x0000000087180000)
 Metaspace       used 14433K, capacity 15060K, committed 15360K, reserved 1062912K
  class space    used 2040K, capacity 2246K, committed 2304K, reserved 1048576K
}
Event: 23.909 GC heap before
{Heap before GC invocations=63 (full 0):
 PSYoungGen      total 357376K, used 357344K [0x00000000d5f00000, 0x00000000eec00000, 0x0000000100000000)
  eden space 356352K, 100% used [0x00000000d5f00000,0x00000000ebb00000,0x00000000ebb00000)
  from space 1024K, 96% used [0x00000000eeb00000,0x00000000eebf8000,0x00000000eec00000)
  to   space 2560K, 0% used [0x00000000ee700000,0x00000000ee700000,0x00000000ee980000)
 ParOldGen       total 87552K, used 52586K [0x0000000081c00000, 0x0000000087180000, 0x00000000d5f00000)
  object space 87552K, 60% used [0x0000000081c00000,0x0000000084f5aa48,0x0000000087180000)
 Metaspace       used 14480K, capacity 15124K, committed 15360K, reserved 1062912K
  class space    used 2040K, capacity 2246K, committed 2304K, reserved 1048576K
Event: 23.911 GC heap after
Heap after GC invocations=63 (full 0):
 PSYoungGen      total 342016K, used 1248K [0x00000000d5f00000, 0x00000000eeb80000, 0x0000000100000000)
  eden space 340480K, 0% used [0x00000000d5f00000,0x00000000d5f00000,0x00000000eab80000)
  from space 1536K, 81% used [0x00000000ee700000,0x00000000ee838000,0x00000000ee880000)
  to   space 2560K, 0% used [0x00000000ee900000,0x00000000ee900000,0x00000000eeb80000)
 ParOldGen       total 87552K, used 52618K [0x0000000081c00000, 0x0000000087180000, 0x00000000d5f00000)
  object space 87552K, 60% used [0x0000000081c00000,0x0000000084f62a48,0x0000000087180000)
 Metaspace       used 14480K, capacity 15124K, committed 15360K, reserved 1062912K
  class space    used 2040K, capacity 2246K, committed 2304K, reserved 1048576K
}
Event: 24.037 GC heap before
{Heap before GC invocations=64 (full 0):
 PSYoungGen      total 342016K, used 341728K [0x00000000d5f00000, 0x00000000eeb80000, 0x0000000100000000)
  eden space 340480K, 100% used [0x00000000d5f00000,0x00000000eab80000,0x00000000eab80000)
  from space 1536K, 81% used [0x00000000ee700000,0x00000000ee838000,0x00000000ee880000)
  to   space 2560K, 0% used [0x00000000ee900000,0x00000000ee900000,0x00000000eeb80000)
 ParOldGen       total 87552K, used 52618K [0x0000000081c00000, 0x0000000087180000, 0x00000000d5f00000)
  object space 87552K, 60% used [0x0000000081c00000,0x0000000084f62a48,0x0000000087180000)
 Metaspace       used 14491K, capacity 15124K, committed 15360K, reserved 1062912K
  class space    used 2040K, capacity 2246K, committed 2304K, reserved 1048576K
Event: 24.040 GC heap after
Heap after GC invocations=64 (full 0):
 PSYoungGen      total 327168K, used 1632K [0x00000000d5f00000, 0x00000000eeb00000, 0x0000000100000000)
  eden space 325120K, 0% used [0x00000000d5f00000,0x00000000d5f00000,0x00000000e9c80000)
  from space 2048K, 79% used [0x00000000ee900000,0x00000000eea98000,0x00000000eeb00000)
  to   space 2560K, 0% used [0x00000000ee600000,0x00000000ee600000,0x00000000ee880000)
 ParOldGen       total 87552K, used 52650K [0x0000000081c00000, 0x0000000087180000, 0x00000000d5f00000)
  object space 87552K, 60% used [0x0000000081c00000,0x0000000084f6aa48,0x0000000087180000)
 Metaspace       used 14491K, capacity 15124K, committed 15360K, reserved 1062912K
  class space    used 2040K, capacity 2246K, committed 2304K, reserved 1048576K
}

