# JRE version: Java(TM) SE Runtime Environment (8.0_161-b12) (build 1.8.0_161-b12)
# Java VM: Java HotSpot(TM) 64-Bit Server VM (25.161-b12 mixed mode windows-amd64 compressed oops)
Heap:
 PSYoungGen      total 393728K, used 323195K [0x00000000d5f00000, 0x00000000ee180000, 0x0000000100000000)
  eden space 391680K, 81% used [0x00000000d5f00000,0x00000000e989ee80,0x00000000edd80000)
  from space 2048K, 100% used [0x00000000edf80000,0x00000000ee180000,0x00000000ee180000)
  to   space 2048K, 0% used [0x00000000edd80000,0x00000000edd80000,0x00000000edf80000)
 ParOldGen       total 87552K, used 61356K [0x0000000081c00000, 0x0000000087180000, 0x00000000d5f00000)
  object space 87552K, 70% used [0x0000000081c00000,0x00000000857eb170,0x0000000087180000)
 Metaspace       used 14546K, capacity 15144K, committed 15360K, reserved 1062912K
  class space    used 2049K, capacity 2252K, committed 2304K, reserved 1048576K
GC Heap History (10 events):
Event: 17.536 GC heap before
{Heap before GC invocations=62 (full 0):
 PSYoungGen      total 393728K, used 393280K [0x00000000d5f00000, 0x00000000ee180000, 0x0000000100000000)
  eden space 391680K, 100% used [0x00000000d5f00000,0x00000000edd80000,0x00000000edd80000)
  from space 2048K, 78% used [0x00000000edd80000,0x00000000edf10000,0x00000000edf80000)
  to   space 2048K, 0% used [0x00000000edf80000,0x00000000edf80000,0x00000000ee180000)
 ParOldGen       total 87552K, used 50140K [0x0000000081c00000, 0x0000000087180000, 0x00000000d5f00000)
  object space 87552K, 57% used [0x0000000081c00000,0x0000000084cf7170,0x0000000087180000)
 Metaspace       used 14470K, capacity 15076K, committed 15360K, reserved 1062912K
  class space    used 2049K, capacity 2252K, committed 2304K, reserved 1048576K
Event: 17.539 GC heap after
Heap after GC invocations=62 (full 0):
 PSYoungGen      total 393728K, used 1632K [0x00000000d5f00000, 0x00000000ee180000, 0x0000000100000000)
  eden space 391680K, 0% used [0x00000000d5f00000,0x00000000d5f00000,0x00000000edd80000)
  from space 2048K, 79% used [0x00000000edf80000,0x00000000ee118000,0x00000000ee180000)
  to   space 2048K, 0% used [0x00000000edd80000,0x00000000edd80000,0x00000000edf80000)
 ParOldGen       total 87552K, used 51692K [0x0000000081c00000, 0x0000000087180000, 0x00000000d5f00000)
  object space 87552K, 59% used [0x0000000081c00000,0x0000000084e7b170,0x0000000087180000)
 Metaspace       used 14470K, capacity 15076K, committed 15360K, reserved 1062912K
  class space    used 2049K, capacity 2252K, committed 2304K, reserved 1048576K
}
Event: 17.684 GC heap before
{Heap before GC invocations=63 (full 0):
 PSYoungGen      total 393728K, used 393312K [0x00000000d5f00000, 0x00000000ee180000, 0x0000000100000000)
  eden space 391680K, 100% used [0x00000000d5f00000,0x00000000edd80000,0x00000000edd80000)
  from space 2048K, 79% used [0x00000000edf80000,0x00000000ee118000,0x00000000ee180000)
  to   space 2048K, 0% used [0x00000000edd80000,0x00000000edd80000,0x00000000edf80000)
 ParOldGen       total 87552K, used 51692K [0x0000000081c00000, 0x0000000087180000, 0x00000000d5f00000)
  object space 87552K, 59% used [0x0000000081c00000,0x0000000084e7b170,0x0000000087180000)
 Metaspace       used 14470K, capacity 15076K, committed 15360K, reserved 1062912K
  class space    used 2049K, capacity 2252K, committed 2304K, reserved 1048576K
Event: 17.688 GC heap after
Heap after GC invocations=63 (full 0):
 PSYoungGen      total 393728K, used 2048K [0x00000000d5f00000, 0x00000000ee180000, 0x0000000100000000)
  eden space 391680K, 0% used [0x00000000d5f00000,0x00000000d5f00000,0x00000000edd80000)
  from space 2048K, 100% used [0x00000000edd80000,0x00000000edf80000,0x00000000edf80000)
  to   space 2048K, 0% used [0x00000000edf80000,0x00000000edf80000,0x00000000ee180000)
 ParOldGen       total 87552K, used 53268K [0x0000000081c00000, 0x0000000087180000, 0x00000000d5f00000)
  object space 87552K, 60% used [0x0000000081c00000,0x0000000085005170,0x0000000087180000)
 Metaspace       used 14470K, capacity 15076K, committed 15360K, reserved 1062912K
  class space    used 2049K, capacity 2252K, committed 2304K, reserved 1048576K
}
Event: 18.632 GC heap before
{Heap before GC invocations=64 (full 0):
 PSYoungGen      total 393728K, used 393728K [0x00000000d5f00000, 0x00000000ee180000, 0x0000000100000000)
  eden space 391680K, 100% used [0x00000000d5f00000,0x00000000edd80000,0x00000000edd80000)
  from space 2048K, 100% used [0x00000000edd80000,0x00000000edf80000,0x00000000edf80000)
  to   space 2048K, 0% used [0x00000000edf80000,0x00000000edf80000,0x00000000ee180000)
 ParOldGen       total 87552K, used 53268K [0x0000000081c00000, 0x0000000087180000, 0x00000000d5f00000)
  object space 87552K, 60% used [0x0000000081c00000,0x0000000085005170,0x0000000087180000)
 Metaspace       used 14502K, capacity 15144K, committed 15360K, reserved 1062912K
  class space    used 2049K, capacity 2252K, committed 2304K, reserved 1048576K
Event: 18.637 GC heap after
Heap after GC invocations=64 (full 0):
 PSYoungGen      total 393728K, used 2048K [0x00000000d5f00000, 0x00000000ee180000, 0x0000000100000000)
  eden space 391680K, 0% used [0x00000000d5f00000,0x00000000d5f00000,0x00000000edd80000)
  from space 2048K, 100% used [0x00000000edf80000,0x00000000ee180000,0x00000000ee180000)
  to   space 2048K, 0% used [0x00000000edd80000,0x00000000edd80000,0x00000000edf80000)
 ParOldGen       total 87552K, used 55652K [0x0000000081c00000, 0x0000000087180000, 0x00000000d5f00000)
  object space 87552K, 63% used [0x0000000081c00000,0x0000000085259170,0x0000000087180000)
 Metaspace       used 14502K, capacity 15144K, committed 15360K, reserved 1062912K
  class space    used 2049K, capacity 2252K, committed 2304K, reserved 1048576K
}
Event: 18.781 GC heap before
{Heap before GC invocations=65 (full 0):
 PSYoungGen      total 393728K, used 393728K [0x00000000d5f00000, 0x00000000ee180000, 0x0000000100000000)
  eden space 391680K, 100% used [0x00000000d5f00000,0x00000000edd80000,0x00000000edd80000)
  from space 2048K, 100% used [0x00000000edf80000,0x00000000ee180000,0x00000000ee180000)
  to   space 2048K, 0% used [0x00000000edd80000,0x00000000edd80000,0x00000000edf80000)
 ParOldGen       total 87552K, used 55652K [0x0000000081c00000, 0x0000000087180000, 0x00000000d5f00000)
  object space 87552K, 63% used [0x0000000081c00000,0x0000000085259170,0x0000000087180000)
 Metaspace       used 14505K, capacity 15144K, committed 15360K, reserved 1062912K
  class space    used 2049K, capacity 2252K, committed 2304K, reserved 1048576K
Event: 18.785 GC heap after
Heap after GC invocations=65 (full 0):
 PSYoungGen      total 393728K, used 2048K [0x00000000d5f00000, 0x00000000ee180000, 0x0000000100000000)
  eden space 391680K, 0% used [0x00000000d5f00000,0x00000000d5f00000,0x00000000edd80000)
  from space 2048K, 100% used [0x00000000edd80000,0x00000000edf80000,0x00000000edf80000)
  to   space 2048K, 0% used [0x00000000edf80000,0x00000000edf80000,0x00000000ee180000)
 ParOldGen       total 87552K, used 58180K [0x0000000081c00000, 0x0000000087180000, 0x00000000d5f00000)
  object space 87552K, 66% used [0x0000000081c00000,0x00000000854d1170,0x0000000087180000)
 Metaspace       used 14505K, capacity 15144K, committed 15360K, reserved 1062912K
  class space    used 2049K, capacity 2252K, committed 2304K, reserved 1048576K
}
Event: 19.937 GC heap before
{Heap before GC invocations=66 (full 0):
 PSYoungGen      total 393728K, used 393728K [0x00000000d5f00000, 0x00000000ee180000, 0x0000000100000000)
  eden space 391680K, 100% used [0x00000000d5f00000,0x00000000edd80000,0x00000000edd80000)
  from space 2048K, 100% used [0x00000000edd80000,0x00000000edf80000,0x00000000edf80000)
  to   space 2048K, 0% used [0x00000000edf80000,0x00000000edf80000,0x00000000ee180000)
 ParOldGen       total 87552K, used 58180K [0x0000000081c00000, 0x0000000087180000, 0x00000000d5f00000)
  object space 87552K, 66% used [0x0000000081c00000,0x00000000854d1170,0x0000000087180000)
 Metaspace       used 14541K, capacity 15144K, committed 15360K, reserved 1062912K
  class space    used 2049K, capacity 2252K, committed 2304K, reserved 1048576K
Event: 19.943 GC heap after
Heap after GC invocations=66 (full 0):
 PSYoungGen      total 393728K, used 2048K [0x00000000d5f00000, 0x00000000ee180000, 0x0000000100000000)
  eden space 391680K, 0% used [0x00000000d5f00000,0x00000000d5f00000,0x00000000edd80000)
  from space 2048K, 100% used [0x00000000edf80000,0x00000000ee180000,0x00000000ee180000)
  to   space 2048K, 0% used [0x00000000edd80000,0x00000000edd80000,0x00000000edf80000)
 ParOldGen       total 87552K, used 61356K [0x0000000081c00000, 0x0000000087180000, 0x00000000d5f00000)
  object space 87552K, 70% used [0x0000000081c00000,0x00000000857eb170,0x0000000087180000)
 Metaspace       used 14541K, capacity 15144K, committed 15360K, reserved 1062912K
  class space    used 2049K, capacity 2252K, committed 2304K, reserved 1048576K
}

